2016/11/28 17:23:20 INFO  - jmeter.util.JMeterUtils: Setting Locale to en_US 
2016/11/28 17:23:20 INFO  - jmeter.JMeter: Loading user properties from: /Users/wangrong/VEX/apache-jmeter-3.0/bin/user.properties 
2016/11/28 17:23:20 INFO  - jmeter.JMeter: Loading system properties from: /Users/wangrong/VEX/apache-jmeter-3.0/bin/system.properties 
2016/11/28 17:23:20 INFO  - jmeter.JMeter: Copyright (c) 1998-2016 The Apache Software Foundation 
2016/11/28 17:23:20 INFO  - jmeter.JMeter: Version 3.0 r1743807 
2016/11/28 17:23:20 INFO  - jmeter.JMeter: java.version=1.8.0_91 
2016/11/28 17:23:20 INFO  - jmeter.JMeter: java.vm.name=Java HotSpot(TM) 64-Bit Server VM 
2016/11/28 17:23:20 INFO  - jmeter.JMeter: os.name=Mac OS X 
2016/11/28 17:23:20 INFO  - jmeter.JMeter: os.arch=x86_64 
2016/11/28 17:23:20 INFO  - jmeter.JMeter: os.version=10.12.1 
2016/11/28 17:23:20 INFO  - jmeter.JMeter: file.encoding=UTF-8 
2016/11/28 17:23:20 INFO  - jmeter.JMeter: Max memory     =3817865216 
2016/11/28 17:23:20 INFO  - jmeter.JMeter: Available Processors =8 
2016/11/28 17:23:20 INFO  - jmeter.JMeter: Default Locale=English (United States) 
2016/11/28 17:23:20 INFO  - jmeter.JMeter: JMeter  Locale=English (United States) 
2016/11/28 17:23:20 INFO  - jmeter.JMeter: JMeterHome=/Users/wangrong/VEX/apache-jmeter-3.0 
2016/11/28 17:23:20 INFO  - jmeter.JMeter: user.dir  =/Users/wangrong/VEX/Script/2.8 
2016/11/28 17:23:20 INFO  - jmeter.JMeter: PWD       =/Users/wangrong/VEX/Script/2.8 
2016/11/28 17:23:20 INFO  - jmeter.JMeter: IP: 172.24.14.45 Name: bogon FullName: bogon 
2016/11/28 17:23:20 INFO  - jmeter.services.FileServer: Default base='/Users/wangrong/VEX/Script/2.8' 
2016/11/28 17:23:20 INFO  - jmeter.services.FileServer: Set new base='/Users/wangrong/VEX/Script/2.8/DDP' 
2016/11/28 17:23:20 INFO  - jmeter.save.SaveService: Testplan (JMX) version: 2.2. Testlog (JTL) version: 2.2 
2016/11/28 17:23:20 INFO  - jmeter.save.SaveService: Using SaveService properties file encoding UTF-8 
2016/11/28 17:23:20 INFO  - jmeter.save.SaveService: Using SaveService properties version 2.9 
2016/11/28 17:23:20 INFO  - jmeter.save.SaveService: All converter versions present and correct 
2016/11/28 17:23:20 INFO  - jmeter.save.SaveService: Loading file: DDP/T6VOD_Default_PrimaryIsAllCodec_ClientRequestDDP.jmx 
2016/11/28 17:23:20 INFO  - jmeter.protocol.http.control.CookieManager: Settings: Delete null: true Check: true Allow variable: true Save: false Prefix: COOKIE_ 
2016/11/28 17:23:20 INFO  - jmeter.protocol.http.sampler.HTTPSamplerBase: Parser for text/html is org.apache.jmeter.protocol.http.parser.LagartoBasedHtmlParser 
2016/11/28 17:23:20 INFO  - jmeter.protocol.http.sampler.HTTPSamplerBase: Parser for application/xhtml+xml is org.apache.jmeter.protocol.http.parser.LagartoBasedHtmlParser 
2016/11/28 17:23:20 INFO  - jmeter.protocol.http.sampler.HTTPSamplerBase: Parser for application/xml is org.apache.jmeter.protocol.http.parser.LagartoBasedHtmlParser 
2016/11/28 17:23:20 INFO  - jmeter.protocol.http.sampler.HTTPSamplerBase: Parser for text/xml is org.apache.jmeter.protocol.http.parser.LagartoBasedHtmlParser 
2016/11/28 17:23:20 INFO  - jmeter.protocol.http.sampler.HTTPSamplerBase: Parser for text/vnd.wap.wml is org.apache.jmeter.protocol.http.parser.RegexpHTMLParser 
2016/11/28 17:23:20 INFO  - jmeter.protocol.http.sampler.HTTPSamplerBase: Parser for text/css is org.apache.jmeter.protocol.http.parser.CssParser 
2016/11/28 17:23:20 INFO  - jmeter.JMeter: Creating summariser <summary> 
2016/11/28 17:23:20 INFO  - jmeter.engine.StandardJMeterEngine: Running the test! 
2016/11/28 17:23:20 INFO  - jmeter.samplers.SampleEvent: List of sample_variables: [] 
2016/11/28 17:23:20 INFO  - jmeter.samplers.SampleEvent: List of sample_variables: [] 
2016/11/28 17:23:20 INFO  - jmeter.engine.util.CompoundVariable: Note: Function class names must contain the string: '.functions.' 
2016/11/28 17:23:20 INFO  - jmeter.engine.util.CompoundVariable: Note: Function class names must not contain the string: '.gui.' 
2016/11/28 17:23:21 INFO  - jmeter.JMeter: Running test (1480325001102) 
2016/11/28 17:23:21 INFO  - jmeter.engine.StandardJMeterEngine: Starting ThreadGroup: 1 : Setup test enviorment 
2016/11/28 17:23:21 INFO  - jmeter.engine.StandardJMeterEngine: Starting 1 threads for group Setup test enviorment. 
2016/11/28 17:23:21 INFO  - jmeter.engine.StandardJMeterEngine: Thread will continue on error 
2016/11/28 17:23:21 INFO  - jmeter.threads.ThreadGroup: Starting thread group number 1 threads 1 ramp-up 1 perThread 1000.0 delayedStart=false 
2016/11/28 17:23:21 INFO  - jmeter.threads.ThreadGroup: Started thread group number 1 
2016/11/28 17:23:21 INFO  - jmeter.engine.StandardJMeterEngine: Waiting for thread group: Setup test enviorment to finish before starting next group 
2016/11/28 17:23:21 INFO  - jmeter.threads.JMeterThread: Thread started: Setup test enviorment 1-1 
2016/11/28 17:23:21 INFO  - jmeter.protocol.http.sampler.HTTPHCAbstractImpl: Local host = bogon 
2016/11/28 17:23:21 INFO  - jmeter.protocol.http.sampler.HTTPHC4Impl: HTTP request retry count = 0 
2016/11/28 17:23:21 INFO  - jmeter.samplers.SampleResult: Note: Sample TimeStamps are START times 
2016/11/28 17:23:21 INFO  - jmeter.samplers.SampleResult: sampleresult.default.encoding is set to ISO-8859-1 
2016/11/28 17:23:21 INFO  - jmeter.samplers.SampleResult: sampleresult.useNanoTime=true 
2016/11/28 17:23:21 INFO  - jmeter.samplers.SampleResult: sampleresult.nanoThreadSleep=5000 
2016/11/28 17:23:22 INFO  - jmeter.threads.JMeterThread: Thread is done: Setup test enviorment 1-1 
2016/11/28 17:23:22 INFO  - jmeter.threads.JMeterThread: Thread finished: Setup test enviorment 1-1 
2016/11/28 17:23:22 INFO  - jmeter.engine.StandardJMeterEngine: Starting ThreadGroup: 2 : Client send dd+ request for entertaiment A which has both dd+ and aac variant 
2016/11/28 17:23:22 INFO  - jmeter.engine.StandardJMeterEngine: Starting 1 threads for group Client send dd+ request for entertaiment A which has both dd+ and aac variant. 
2016/11/28 17:23:22 INFO  - jmeter.engine.StandardJMeterEngine: Thread will continue on error 
2016/11/28 17:23:22 INFO  - jmeter.threads.ThreadGroup: Starting thread group number 2 threads 1 ramp-up 1 perThread 1000.0 delayedStart=false 
2016/11/28 17:23:22 INFO  - jmeter.threads.ThreadGroup: Started thread group number 2 
2016/11/28 17:23:22 INFO  - jmeter.engine.StandardJMeterEngine: Waiting for thread group: Client send dd+ request for entertaiment A which has both dd+ and aac variant to finish before starting next group 
2016/11/28 17:23:22 INFO  - jmeter.threads.JMeterThread: Thread started: Client send dd+ request for entertaiment A which has both dd+ and aac variant 2-1 
2016/11/28 17:23:29 INFO  - jmeter.threads.JMeterThread: Thread is done: Client send dd+ request for entertaiment A which has both dd+ and aac variant 2-1 
2016/11/28 17:23:29 INFO  - jmeter.threads.JMeterThread: Thread finished: Client send dd+ request for entertaiment A which has both dd+ and aac variant 2-1 
2016/11/28 17:23:29 INFO  - jmeter.engine.StandardJMeterEngine: Starting ThreadGroup: 3 : Client send dd+ request for entertaiment B which has same PAID with A but different index name 
2016/11/28 17:23:29 INFO  - jmeter.engine.StandardJMeterEngine: Starting 1 threads for group Client send dd+ request for entertaiment B which has same PAID with A but different index name. 
2016/11/28 17:23:29 INFO  - jmeter.engine.StandardJMeterEngine: Thread will continue on error 
2016/11/28 17:23:29 INFO  - jmeter.threads.ThreadGroup: Starting thread group number 3 threads 1 ramp-up 1 perThread 1000.0 delayedStart=false 
2016/11/28 17:23:29 INFO  - jmeter.threads.ThreadGroup: Started thread group number 3 
2016/11/28 17:23:29 INFO  - jmeter.engine.StandardJMeterEngine: Waiting for thread group: Client send dd+ request for entertaiment B which has same PAID with A but different index name to finish before starting next group 
2016/11/28 17:23:29 INFO  - jmeter.threads.JMeterThread: Thread started: Client send dd+ request for entertaiment B which has same PAID with A but different index name 3-1 
2016/11/28 17:23:30 INFO  - jmeter.reporters.Summariser: summary +     34 in 00:00:09 =    3.6/s Avg:   198 Min:    47 Max:  3351 Err:     0 (0.00%) Active: 1 Started: 3 Finished: 2 
2016/11/28 17:23:31 INFO  - jmeter.threads.JMeterThread: Thread is done: Client send dd+ request for entertaiment B which has same PAID with A but different index name 3-1 
2016/11/28 17:23:31 INFO  - jmeter.threads.JMeterThread: Thread finished: Client send dd+ request for entertaiment B which has same PAID with A but different index name 3-1 
2016/11/28 17:23:31 INFO  - jmeter.engine.StandardJMeterEngine: Starting ThreadGroup: 4 : Clear up test env 
2016/11/28 17:23:31 INFO  - jmeter.engine.StandardJMeterEngine: Starting 1 threads for group Clear up test env. 
2016/11/28 17:23:31 INFO  - jmeter.engine.StandardJMeterEngine: Thread will continue on error 
2016/11/28 17:23:31 INFO  - jmeter.threads.ThreadGroup: Starting thread group number 4 threads 1 ramp-up 1 perThread 1000.0 delayedStart=false 
2016/11/28 17:23:31 INFO  - jmeter.threads.ThreadGroup: Started thread group number 4 
2016/11/28 17:23:31 INFO  - jmeter.engine.StandardJMeterEngine: All thread groups have been started 
2016/11/28 17:23:31 INFO  - jmeter.threads.JMeterThread: Thread started: Clear up test env 4-1 
2016/11/28 17:23:32 INFO  - jmeter.threads.JMeterThread: Thread is done: Clear up test env 4-1 
2016/11/28 17:23:32 INFO  - jmeter.threads.JMeterThread: Thread finished: Clear up test env 4-1 
2016/11/28 17:23:32 INFO  - jmeter.engine.StandardJMeterEngine: Notifying test listeners of end of test 
2016/11/28 17:23:32 INFO  - jmeter.reporters.Summariser: summary +     17 in 00:00:01 =   11.4/s Avg:    83 Min:    47 Max:   106 Err:     0 (0.00%) Active: 0 Started: 4 Finished: 4 
2016/11/28 17:23:32 INFO  - jmeter.reporters.Summariser: summary =     51 in 00:00:11 =    4.6/s Avg:   160 Min:    47 Max:  3351 Err:     0 (0.00%) 
